kotlin version: 2.0.21
error message: org.jetbrains.kotlin.backend.common.BackendException: Backend Internal error: Exception during IR lowering
File being compiled: /home/sadegh/AndroidStudioProjects/ArcaptchaFast/arcaptcha_native_sdk/src/main/java/co/arcaptcha/arcaptcha_native_sdk/captchas/ClassicCaptchaView.kt
The root cause java.lang.RuntimeException was thrown at: org.jetbrains.kotlin.backend.jvm.codegen.FunctionCodegen.generate(FunctionCodegen.kt:47)
	at org.jetbrains.kotlin.backend.common.CodegenUtil.reportBackendException(CodegenUtil.kt:253)
	at org.jetbrains.kotlin.backend.common.CodegenUtil.reportBackendException$default(CodegenUtil.kt:236)
	at org.jetbrains.kotlin.backend.common.phaser.PerformByIrFilePhase.invokeSequential(performByIrFile.kt:65)
	at org.jetbrains.kotlin.backend.common.phaser.PerformByIrFilePhase.invoke(performByIrFile.kt:52)
	at org.jetbrains.kotlin.backend.common.phaser.PerformByIrFilePhase.invoke(performByIrFile.kt:38)
	at org.jetbrains.kotlin.backend.common.phaser.NamedCompilerPhase.phaseBody(CompilerPhase.kt:166)
	at org.jetbrains.kotlin.backend.common.phaser.AbstractNamedCompilerPhase.invoke(CompilerPhase.kt:113)
	at org.jetbrains.kotlin.backend.common.phaser.CompositePhase.invoke(PhaseBuilders.kt:27)
	at org.jetbrains.kotlin.backend.common.phaser.CompositePhase.invoke(PhaseBuilders.kt:14)
	at org.jetbrains.kotlin.backend.common.phaser.NamedCompilerPhase.phaseBody(CompilerPhase.kt:166)
	at org.jetbrains.kotlin.backend.common.phaser.AbstractNamedCompilerPhase.invoke(CompilerPhase.kt:113)
	at org.jetbrains.kotlin.backend.common.phaser.CompilerPhaseKt.invokeToplevel(CompilerPhase.kt:62)
	at org.jetbrains.kotlin.backend.jvm.JvmIrCodegenFactory.invokeCodegen(JvmIrCodegenFactory.kt:371)
	at org.jetbrains.kotlin.codegen.CodegenFactory.generateModule(CodegenFactory.kt:47)
	at org.jetbrains.kotlin.backend.jvm.JvmIrCodegenFactory.generateModuleInFrontendIRMode(JvmIrCodegenFactory.kt:433)
	at org.jetbrains.kotlin.cli.jvm.compiler.pipeline.JvmCompilerPipelineKt.generateCodeFromIr(jvmCompilerPipeline.kt:246)
	at org.jetbrains.kotlin.cli.jvm.compiler.pipeline.JvmCompilerPipelineKt.compileModulesUsingFrontendIrAndLightTree(jvmCompilerPipeline.kt:142)
	at org.jetbrains.kotlin.cli.jvm.K2JVMCompiler.doExecute(K2JVMCompiler.kt:148)
	at org.jetbrains.kotlin.cli.jvm.K2JVMCompiler.doExecute(K2JVMCompiler.kt:43)
	at org.jetbrains.kotlin.cli.common.CLICompiler.execImpl(CLICompiler.kt:103)
	at org.jetbrains.kotlin.cli.common.CLICompiler.execImpl(CLICompiler.kt:49)
	at org.jetbrains.kotlin.cli.common.CLITool.exec(CLITool.kt:101)
	at org.jetbrains.kotlin.incremental.IncrementalJvmCompilerRunner.runCompiler(IncrementalJvmCompilerRunner.kt:464)
	at org.jetbrains.kotlin.incremental.IncrementalJvmCompilerRunner.runCompiler(IncrementalJvmCompilerRunner.kt:73)
	at org.jetbrains.kotlin.incremental.IncrementalCompilerRunner.doCompile(IncrementalCompilerRunner.kt:506)
	at org.jetbrains.kotlin.incremental.IncrementalCompilerRunner.compileImpl(IncrementalCompilerRunner.kt:423)
	at org.jetbrains.kotlin.incremental.IncrementalCompilerRunner.tryCompileIncrementally$lambda$9$compile(IncrementalCompilerRunner.kt:249)
	at org.jetbrains.kotlin.incremental.IncrementalCompilerRunner.tryCompileIncrementally(IncrementalCompilerRunner.kt:267)
	at org.jetbrains.kotlin.incremental.IncrementalCompilerRunner.compile(IncrementalCompilerRunner.kt:120)
	at org.jetbrains.kotlin.daemon.CompileServiceImplBase.execIncrementalCompiler(CompileServiceImpl.kt:675)
	at org.jetbrains.kotlin.daemon.CompileServiceImplBase.access$execIncrementalCompiler(CompileServiceImpl.kt:92)
	at org.jetbrains.kotlin.daemon.CompileServiceImpl.compile(CompileServiceImpl.kt:1660)
	at java.base/jdk.internal.reflect.DirectMethodHandleAccessor.invoke(Unknown Source)
	at java.base/java.lang.reflect.Method.invoke(Unknown Source)
	at java.rmi/sun.rmi.server.UnicastServerRef.dispatch(Unknown Source)
	at java.rmi/sun.rmi.transport.Transport$1.run(Unknown Source)
	at java.rmi/sun.rmi.transport.Transport$1.run(Unknown Source)
	at java.base/java.security.AccessController.doPrivileged(Unknown Source)
	at java.rmi/sun.rmi.transport.Transport.serviceCall(Unknown Source)
	at java.rmi/sun.rmi.transport.tcp.TCPTransport.handleMessages(Unknown Source)
	at java.rmi/sun.rmi.transport.tcp.TCPTransport$ConnectionHandler.run0(Unknown Source)
	at java.rmi/sun.rmi.transport.tcp.TCPTransport$ConnectionHandler.lambda$run$0(Unknown Source)
	at java.base/java.security.AccessController.doPrivileged(Unknown Source)
	at java.rmi/sun.rmi.transport.tcp.TCPTransport$ConnectionHandler.run(Unknown Source)
	at java.base/java.util.concurrent.ThreadPoolExecutor.runWorker(Unknown Source)
	at java.base/java.util.concurrent.ThreadPoolExecutor$Worker.run(Unknown Source)
	at java.base/java.lang.Thread.run(Unknown Source)
Caused by: java.lang.RuntimeException: Exception while generating code for:
CONSTRUCTOR visibility:public <> (context:android.content.Context, attrs:android.util.AttributeSet?) returnType:co.arcaptcha.arcaptcha_native_sdk.captchas.ClassicCaptchaView [primary]
  annotations:
    JvmOverloads
  VALUE_PARAMETER name:context index:0 type:android.content.Context
  VALUE_PARAMETER name:attrs index:1 type:android.util.AttributeSet?
    EXPRESSION_BODY
      ERROR_EXPR 'Default Stub' type=android.util.AttributeSet?
  BLOCK_BODY
    DELEGATING_CONSTRUCTOR_CALL 'public constructor <init> (context: android.content.Context, attrs: android.util.AttributeSet?) [primary] declared in co.arcaptcha.arcaptcha_native_sdk.captchas.CaptchaView'
      context: GET_VAR 'context: android.content.Context declared in co.arcaptcha.arcaptcha_native_sdk.captchas.ClassicCaptchaView.<init>' type=android.content.Context origin=null
      attrs: GET_VAR 'attrs: android.util.AttributeSet? declared in co.arcaptcha.arcaptcha_native_sdk.captchas.ClassicCaptchaView.<init>' type=android.util.AttributeSet? origin=null
    BLOCK type=kotlin.Unit origin=null
      SET_FIELD 'FIELD PROPERTY_BACKING_FIELD name:manager type:co.arcaptcha.arcaptcha_native_sdk.managers.ClassicCaptchaManager visibility:private [final]' type=kotlin.Unit origin=INITIALIZE_FIELD
        receiver: GET_VAR '<this>: co.arcaptcha.arcaptcha_native_sdk.captchas.ClassicCaptchaView declared in co.arcaptcha.arcaptcha_native_sdk.captchas.ClassicCaptchaView' type=co.arcaptcha.arcaptcha_native_sdk.captchas.ClassicCaptchaView origin=null
        value: CONSTRUCTOR_CALL 'public constructor <init> (callback: co.arcaptcha.arcaptcha_native_sdk.models.InternalCaptchaCallback) [primary] declared in co.arcaptcha.arcaptcha_native_sdk.managers.ClassicCaptchaManager' type=co.arcaptcha.arcaptcha_native_sdk.managers.ClassicCaptchaManager origin=null
          callback: GET_VAR '<this>: co.arcaptcha.arcaptcha_native_sdk.captchas.ClassicCaptchaView declared in co.arcaptcha.arcaptcha_native_sdk.captchas.ClassicCaptchaView' type=co.arcaptcha.arcaptcha_native_sdk.captchas.ClassicCaptchaView origin=null
      SET_FIELD 'FIELD PROPERTY_BACKING_FIELD name:captchaAdapter type:co.arcaptcha.arcaptcha_native_sdk.adapters.CaptchaImageAdapter visibility:private [final]' type=kotlin.Unit origin=INITIALIZE_FIELD
        receiver: GET_VAR '<this>: co.arcaptcha.arcaptcha_native_sdk.captchas.ClassicCaptchaView declared in co.arcaptcha.arcaptcha_native_sdk.captchas.ClassicCaptchaView' type=co.arcaptcha.arcaptcha_native_sdk.captchas.ClassicCaptchaView origin=null
        value: CONSTRUCTOR_CALL 'public constructor <init> (context: android.content.Context, imageUrls: kotlin.collections.List<kotlin.String>?, onAdd: kotlin.Function0<kotlin.Unit>?, onRemove: kotlin.Function0<kotlin.Unit>?, $mask0: kotlin.Int, $marker: kotlin.jvm.internal.DefaultConstructorMarker?) declared in co.arcaptcha.arcaptcha_native_sdk.adapters.CaptchaImageAdapter' type=co.arcaptcha.arcaptcha_native_sdk.adapters.CaptchaImageAdapter origin=DEFAULT_DISPATCH_CALL
          context: GET_VAR 'context: android.content.Context declared in co.arcaptcha.arcaptcha_native_sdk.captchas.ClassicCaptchaView.<init>' type=android.content.Context origin=null
          imageUrls: COMPOSITE type=kotlin.collections.List<kotlin.String>? origin=DEFAULT_VALUE
            CONST Null type=kotlin.collections.List<kotlin.String>? value=null
          onAdd: COMPOSITE type=kotlin.Function0<kotlin.Unit>? origin=DEFAULT_VALUE
            CONST Null type=kotlin.Function0<kotlin.Unit>? value=null
          onRemove: COMPOSITE type=kotlin.Function0<kotlin.Unit>? origin=DEFAULT_VALUE
            CONST Null type=kotlin.Function0<kotlin.Unit>? value=null
          $mask0: CONST Int type=kotlin.Int value=14
          $marker: CONST Null type=kotlin.jvm.internal.DefaultConstructorMarker? value=null
      SET_FIELD 'FIELD PROPERTY_BACKING_FIELD name:tbsStack type:kotlin.collections.ArrayDeque<kotlin.Long> visibility:private [final]' type=kotlin.Unit origin=INITIALIZE_FIELD
        receiver: GET_VAR '<this>: co.arcaptcha.arcaptcha_native_sdk.captchas.ClassicCaptchaView declared in co.arcaptcha.arcaptcha_native_sdk.captchas.ClassicCaptchaView' type=co.arcaptcha.arcaptcha_native_sdk.captchas.ClassicCaptchaView origin=null
        value: CONSTRUCTOR_CALL 'public constructor <init> () declared in kotlin.collections.ArrayDeque' type=kotlin.collections.ArrayDeque<kotlin.Long> origin=null
          <class: E>: kotlin.Long
      SET_FIELD 'FIELD PROPERTY_BACKING_FIELD name:classicCaptchaView type:co.arcaptcha.arcaptcha_native_sdk.databinding.ClassicCaptchaBinding visibility:private [final]' type=kotlin.Unit origin=INITIALIZE_FIELD
        receiver: GET_VAR '<this>: co.arcaptcha.arcaptcha_native_sdk.captchas.ClassicCaptchaView declared in co.arcaptcha.arcaptcha_native_sdk.captchas.ClassicCaptchaView' type=co.arcaptcha.arcaptcha_native_sdk.captchas.ClassicCaptchaView origin=null
        value: BLOCK type=co.arcaptcha.arcaptcha_native_sdk.databinding.ClassicCaptchaBinding origin=null
          VAR IR_TEMPORARY_VARIABLE name:tmp0 type:kotlin.Any? [val]
            GET_FIELD 'FIELD IR_EXTERNAL_JAVA_DECLARATION_STUB name:classicCaptcha type:@[EnhancedNullability] co.arcaptcha.arcaptcha_native_sdk.databinding.ClassicCaptchaBinding visibility:public [final] declared in co.arcaptcha.arcaptcha_native_sdk.databinding.CaptchaViewBinding' type=@[EnhancedNullability] co.arcaptcha.arcaptcha_native_sdk.databinding.ClassicCaptchaBinding superQualifierSymbol=co.arcaptcha.arcaptcha_native_sdk.databinding.CaptchaViewBinding origin=null
              receiver: CALL 'protected final fun <get-binding> (): co.arcaptcha.arcaptcha_native_sdk.databinding.CaptchaViewBinding [fake_override] declared in co.arcaptcha.arcaptcha_native_sdk.captchas.ClassicCaptchaView' type=co.arcaptcha.arcaptcha_native_sdk.databinding.CaptchaViewBinding origin=GET_PROPERTY
                $this: GET_VAR '<this>: co.arcaptcha.arcaptcha_native_sdk.captchas.ClassicCaptchaView declared in co.arcaptcha.arcaptcha_native_sdk.captchas.ClassicCaptchaView' type=co.arcaptcha.arcaptcha_native_sdk.captchas.ClassicCaptchaView origin=null
          CALL 'public final fun checkNotNullExpressionValue (value: kotlin.Any?, expression: kotlin.String): kotlin.Unit declared in kotlin.jvm.internal.Intrinsics' type=kotlin.Unit origin=null
            value: GET_VAR 'val tmp0: kotlin.Any? [val] declared in co.arcaptcha.arcaptcha_native_sdk.captchas.ClassicCaptchaView.<init>' type=kotlin.Any? origin=null
            expression: CONST String type=kotlin.String value="classicCaptcha"
          GET_VAR 'val tmp0: kotlin.Any? [val] declared in co.arcaptcha.arcaptcha_native_sdk.captchas.ClassicCaptchaView.<init>' type=kotlin.Any? origin=null
      SET_FIELD 'FIELD PROPERTY_BACKING_FIELD name:captchaBox type:android.widget.LinearLayout visibility:private [final]' type=kotlin.Unit origin=INITIALIZE_FIELD
        receiver: GET_VAR '<this>: co.arcaptcha.arcaptcha_native_sdk.captchas.ClassicCaptchaView declared in co.arcaptcha.arcaptcha_native_sdk.captchas.ClassicCaptchaView' type=co.arcaptcha.arcaptcha_native_sdk.captchas.ClassicCaptchaView origin=null
        value: BLOCK type=android.widget.LinearLayout origin=null
          VAR IR_TEMPORARY_VARIABLE name:tmp1 type:kotlin.Any? [val]
            GET_FIELD 'FIELD IR_EXTERNAL_JAVA_DECLARATION_STUB name:captchaBox type:@[EnhancedNullability] android.widget.LinearLayout visibility:public [final] declared in co.arcaptcha.arcaptcha_native_sdk.databinding.ClassicCaptchaBinding' type=@[EnhancedNullability] android.widget.LinearLayout superQualifierSymbol=co.arcaptcha.arcaptcha_native_sdk.databinding.ClassicCaptchaBinding origin=null
              receiver: GET_FIELD 'FIELD PROPERTY_BACKING_FIELD name:classicCaptchaView type:co.arcaptcha.arcaptcha_native_sdk.databinding.ClassicCaptchaBinding visibility:private [final]' type=co.arcaptcha.arcaptcha_native_sdk.databinding.ClassicCaptchaBinding origin=null
                receiver: GET_VAR '<this>: co.arcaptcha.arcaptcha_native_sdk.captchas.ClassicCaptchaView declared in co.arcaptcha.arcaptcha_native_sdk.captchas.ClassicCaptchaView' type=co.arcaptcha.arcaptcha_native_sdk.captchas.ClassicCaptchaView origin=null
          CALL 'public final fun checkNotNullExpressionValue (value: kotlin.Any?, expression: kotlin.String): kotlin.Unit declared in kotlin.jvm.internal.Intrinsics' type=kotlin.Unit origin=null
            value: GET_VAR 'val tmp1: kotlin.Any? [val] declared in co.arcaptcha.arcaptcha_native_sdk.captchas.ClassicCaptchaView.<init>' type=kotlin.Any? origin=null
            expression: CONST String type=kotlin.String value="captchaBox"
          GET_VAR 'val tmp1: kotlin.Any? [val] declared in co.arcaptcha.arcaptcha_native_sdk.captchas.ClassicCaptchaView.<init>' type=kotlin.Any? origin=null
      SET_FIELD 'FIELD PROPERTY_BACKING_FIELD name:gridView type:android.widget.GridView visibility:private [final]' type=kotlin.Unit origin=INITIALIZE_FIELD
        receiver: GET_VAR '<this>: co.arcaptcha.arcaptcha_native_sdk.captchas.ClassicCaptchaView declared in co.arcaptcha.arcaptcha_native_sdk.captchas.ClassicCaptchaView' type=co.arcaptcha.arcaptcha_native_sdk.captchas.ClassicCaptchaView origin=null
        value: BLOCK type=android.widget.GridView origin=null
          VAR IR_TEMPORARY_VARIABLE name:tmp2 type:kotlin.Any? [val]
            GET_FIELD 'FIELD IR_EXTERNAL_JAVA_DECLARATION_STUB name:gridView type:@[EnhancedNullability] android.widget.GridView visibility:public [final] declared in co.arcaptcha.arcaptcha_native_sdk.databinding.ClassicCaptchaBinding' type=@[EnhancedNullability] android.widget.GridView superQualifierSymbol=co.arcaptcha.arcaptcha_native_sdk.databinding.ClassicCaptchaBinding origin=null
              receiver: GET_FIELD 'FIELD PROPERTY_BACKING_FIELD name:classicCaptchaView type:co.arcaptcha.arcaptcha_native_sdk.databinding.ClassicCaptchaBinding visibility:private [final]' type=co.arcaptcha.arcaptcha_native_sdk.databinding.ClassicCaptchaBinding origin=null
                receiver: GET_VAR '<this>: co.arcaptcha.arcaptcha_native_sdk.captchas.ClassicCaptchaView declared in co.arcaptcha.arcaptcha_native_sdk.captchas.ClassicCaptchaView' type=co.arcaptcha.arcaptcha_native_sdk.captchas.ClassicCaptchaView origin=null
          CALL 'public final fun checkNotNullExpressionValue (value: kotlin.Any?, expression: kotlin.String): kotlin.Unit declared in kotlin.jvm.internal.Intrinsics' type=kotlin.Unit origin=null
            value: GET_VAR 'val tmp2: kotlin.Any? [val] declared in co.arcaptcha.arcaptcha_native_sdk.captchas.ClassicCaptchaView.<init>' type=kotlin.Any? origin=null
            expression: CONST String type=kotlin.String value="gridView"
          GET_VAR 'val tmp2: kotlin.Any? [val] declared in co.arcaptcha.arcaptcha_native_sdk.captchas.ClassicCaptchaView.<init>' type=kotlin.Any? origin=null
      SET_FIELD 'FIELD PROPERTY_BACKING_FIELD name:confirmButton type:android.widget.Button visibility:private [final]' type=kotlin.Unit origin=INITIALIZE_FIELD
        receiver: GET_VAR '<this>: co.arcaptcha.arcaptcha_native_sdk.captchas.ClassicCaptchaView declared in co.arcaptcha.arcaptcha_native_sdk.captchas.ClassicCaptchaView' type=co.arcaptcha.arcaptcha_native_sdk.captchas.ClassicCaptchaView origin=null
        value: BLOCK type=android.widget.Button origin=null
          VAR IR_TEMPORARY_VARIABLE name:tmp3 type:kotlin.Any? [val]
            GET_FIELD 'FIELD IR_EXTERNAL_JAVA_DECLARATION_STUB name:confirmButton type:@[EnhancedNullability] android.widget.Button visibility:public [final] declared in co.arcaptcha.arcaptcha_native_sdk.databinding.ClassicCaptchaBinding' type=@[EnhancedNullability] android.widget.Button superQualifierSymbol=co.arcaptcha.arcaptcha_native_sdk.databinding.ClassicCaptchaBinding origin=null
              receiver: GET_FIELD 'FIELD PROPERTY_BACKING_FIELD name:classicCaptchaView type:co.arcaptcha.arcaptcha_native_sdk.databinding.ClassicCaptchaBinding visibility:private [final]' type=co.arcaptcha.arcaptcha_native_sdk.databinding.ClassicCaptchaBinding origin=null
                receiver: GET_VAR '<this>: co.arcaptcha.arcaptcha_native_sdk.captchas.ClassicCaptchaView declared in co.arcaptcha.arcaptcha_native_sdk.captchas.ClassicCaptchaView' type=co.arcaptcha.arcaptcha_native_sdk.captchas.ClassicCaptchaView origin=null
          CALL 'public final fun checkNotNullExpressionValue (value: kotlin.Any?, expression: kotlin.String): kotlin.Unit declared in kotlin.jvm.internal.Intrinsics' type=kotlin.Unit origin=null
            value: GET_VAR 'val tmp3: kotlin.Any? [val] declared in co.arcaptcha.arcaptcha_native_sdk.captchas.ClassicCaptchaView.<init>' type=kotlin.Any? origin=null
            expression: CONST String type=kotlin.String value="confirmButton"
          GET_VAR 'val tmp3: kotlin.Any? [val] declared in co.arcaptcha.arcaptcha_native_sdk.captchas.ClassicCaptchaView.<init>' type=kotlin.Any? origin=null
      BLOCK type=kotlin.Unit origin=SYNTHESIZED_INIT_BLOCK
        CALL 'public open fun setImageResource (p0: kotlin.Int): kotlin.Unit [fake_override] declared in android.widget.ImageButton' type=kotlin.Unit origin=null
          $this: CALL 'protected final fun <get-toggleButton> (): android.widget.ImageButton [fake_override] declared in co.arcaptcha.arcaptcha_native_sdk.captchas.ClassicCaptchaView' type=android.widget.ImageButton origin=GET_PROPERTY
            $this: GET_VAR '<this>: co.arcaptcha.arcaptcha_native_sdk.captchas.ClassicCaptchaView declared in co.arcaptcha.arcaptcha_native_sdk.captchas.ClassicCaptchaView' type=co.arcaptcha.arcaptcha_native_sdk.captchas.ClassicCaptchaView origin=null
          p0: GET_FIELD 'FIELD IR_EXTERNAL_JAVA_DECLARATION_STUB name:ic_volume type:kotlin.Int visibility:public [static] declared in co.arcaptcha.arcaptcha_native_sdk.R.drawable' type=kotlin.Int superQualifierSymbol=co.arcaptcha.arcaptcha_native_sdk.R.drawable origin=null
        ERROR_CALL 'Unresolved reference: R|co/arcaptcha/arcaptcha_native_sdk/captchas/CaptchaView.infoText|' type=IrErrorType(null)
        CALL 'public open fun setOrientation (p0: kotlin.Int): kotlin.Unit [fake_override] declared in co.arcaptcha.arcaptcha_native_sdk.captchas.ClassicCaptchaView' type=kotlin.Unit origin=EQ
          $this: GET_VAR '<this>: co.arcaptcha.arcaptcha_native_sdk.captchas.ClassicCaptchaView declared in co.arcaptcha.arcaptcha_native_sdk.captchas.ClassicCaptchaView' type=co.arcaptcha.arcaptcha_native_sdk.captchas.ClassicCaptchaView origin=null
          p0: CONST Int type=kotlin.Int value=1
        CALL 'public open fun setAdapter (p0: @[FlexibleNullability] android.widget.ListAdapter?): kotlin.Unit declared in android.widget.GridView' type=kotlin.Unit origin=EQ
          $this: GET_FIELD 'FIELD PROPERTY_BACKING_FIELD name:gridView type:android.widget.GridView visibility:private [final]' type=android.widget.GridView origin=null
            receiver: GET_VAR '<this>: co.arcaptcha.arcaptcha_native_sdk.captchas.ClassicCaptchaView declared in co.arcaptcha.arcaptcha_native_sdk.captchas.ClassicCaptchaView' type=co.arcaptcha.arcaptcha_native_sdk.captchas.ClassicCaptchaView origin=null
          p0: GET_FIELD 'FIELD PROPERTY_BACKING_FIELD name:captchaAdapter type:co.arcaptcha.arcaptcha_native_sdk.adapters.CaptchaImageAdapter visibility:private [final]' type=co.arcaptcha.arcaptcha_native_sdk.adapters.CaptchaImageAdapter origin=null
            receiver: GET_VAR '<this>: co.arcaptcha.arcaptcha_native_sdk.captchas.ClassicCaptchaView declared in co.arcaptcha.arcaptcha_native_sdk.captchas.ClassicCaptchaView' type=co.arcaptcha.arcaptcha_native_sdk.captchas.ClassicCaptchaView origin=null
        CALL 'public open fun setOnClickListener (p0: @[EnhancedNullability] android.view.View.OnClickListener?): kotlin.Unit [fake_override] declared in android.widget.Button' type=kotlin.Unit origin=null
          $this: GET_FIELD 'FIELD PROPERTY_BACKING_FIELD name:confirmButton type:android.widget.Button visibility:private [final]' type=android.widget.Button origin=null
            receiver: GET_VAR '<this>: co.arcaptcha.arcaptcha_native_sdk.captchas.ClassicCaptchaView declared in co.arcaptcha.arcaptcha_native_sdk.captchas.ClassicCaptchaView' type=co.arcaptcha.arcaptcha_native_sdk.captchas.ClassicCaptchaView origin=null
          p0: BLOCK type=android.view.View.OnClickListener origin=LAMBDA
            COMPOSITE type=kotlin.Unit origin=null
            CALL 'public final fun <jvm-indy> <T> (dynamicCall: T of kotlin.jvm.internal.<jvm-indy>, bootstrapMethodHandle: kotlin.Any, vararg bootstrapMethodArguments: kotlin.Any): T of kotlin.jvm.internal.<jvm-indy> declared in kotlin.jvm.internal' type=android.view.View.OnClickListener origin=null
              <T>: android.view.View.OnClickListener
              dynamicCall: CALL 'public final fun onClick (p0: co.arcaptcha.arcaptcha_native_sdk.captchas.ClassicCaptchaView): android.view.View.OnClickListener declared in kotlin.jvm.internal.invokeDynamic' type=android.view.View.OnClickListener origin=null
                p0: GET_VAR '<this>: co.arcaptcha.arcaptcha_native_sdk.captchas.ClassicCaptchaView declared in co.arcaptcha.arcaptcha_native_sdk.captchas.ClassicCaptchaView' type=co.arcaptcha.arcaptcha_native_sdk.captchas.ClassicCaptchaView origin=null
              bootstrapMethodHandle: CALL 'public final fun <jvm-method-handle> (tag: kotlin.Int, owner: kotlin.String, name: kotlin.String, descriptor: kotlin.String, isInterface: kotlin.Boolean): kotlin.Any declared in kotlin.jvm.internal' type=kotlin.Any origin=null
                tag: CONST Int type=kotlin.Int value=6
                owner: CONST String type=kotlin.String value="java/lang/invoke/LambdaMetafactory"
                name: CONST String type=kotlin.String value="metafactory"
                descriptor: CONST String type=kotlin.String value="(Ljava/lang/invoke/MethodHandles$Lookup;Ljava/lang/String;Ljava/lang/invoke/MethodType;Ljava/lang/invoke/MethodType;Ljava/lang/invoke/MethodHandle;Ljava/lang/invoke/MethodType;)Ljava/lang/invoke/CallSite;"
                isInterface: CONST Boolean type=kotlin.Boolean value=false
              bootstrapMethodArguments: VARARG type=kotlin.Array<kotlin.Any> varargElementType=kotlin.Any
                CALL 'public final fun <jvm-original-method-type> (method: kotlin.Any): kotlin.Any declared in kotlin.jvm.internal' type=kotlin.Any origin=null
                  method: RAW_FUNCTION_REFERENCE 'public abstract fun onClick (p0: @[FlexibleNullability] android.view.View?): kotlin.Unit declared in android.view.View.OnClickListener' type=kotlin.Any
                RAW_FUNCTION_REFERENCE 'private final fun _init_$lambda$0 (this$0: co.arcaptcha.arcaptcha_native_sdk.captchas.ClassicCaptchaView, it: @[FlexibleNullability] android.view.View?): kotlin.Unit declared in co.arcaptcha.arcaptcha_native_sdk.captchas.ClassicCaptchaView' type=kotlin.Any
                CALL 'public final fun <jvm-original-method-type> (method: kotlin.Any): kotlin.Any declared in kotlin.jvm.internal' type=kotlin.Any origin=null
                  method: RAW_FUNCTION_REFERENCE 'public abstract fun onClick (p0: @[FlexibleNullability] android.view.View?): kotlin.Unit [fake_override] declared in kotlin.jvm.internal.invokeDynamic.<fake>' type=kotlin.Any
        CALL 'public final fun setCallbacks (onRemove: kotlin.Function0<kotlin.Unit>, onAdd: kotlin.Function0<kotlin.Unit>): kotlin.Unit declared in co.arcaptcha.arcaptcha_native_sdk.adapters.CaptchaImageAdapter' type=kotlin.Unit origin=null
          $this: GET_FIELD 'FIELD PROPERTY_BACKING_FIELD name:captchaAdapter type:co.arcaptcha.arcaptcha_native_sdk.adapters.CaptchaImageAdapter visibility:private [final]' type=co.arcaptcha.arcaptcha_native_sdk.adapters.CaptchaImageAdapter origin=null
            receiver: GET_VAR '<this>: co.arcaptcha.arcaptcha_native_sdk.captchas.ClassicCaptchaView declared in co.arcaptcha.arcaptcha_native_sdk.captchas.ClassicCaptchaView' type=co.arcaptcha.arcaptcha_native_sdk.captchas.ClassicCaptchaView origin=null
          onRemove: BLOCK type=kotlin.Function0<kotlin.Unit> origin=LAMBDA
            COMPOSITE type=kotlin.Unit origin=null
            CALL 'public final fun <jvm-indy> <T> (dynamicCall: T of kotlin.jvm.internal.<jvm-indy>, bootstrapMethodHandle: kotlin.Any, vararg bootstrapMethodArguments: kotlin.Any): T of kotlin.jvm.internal.<jvm-indy> declared in kotlin.jvm.internal' type=kotlin.Function0<kotlin.Unit> origin=null
              <T>: kotlin.Function0<kotlin.Unit>
              dynamicCall: CALL 'public final fun invoke (p0: co.arcaptcha.arcaptcha_native_sdk.captchas.ClassicCaptchaView): kotlin.Function0<kotlin.Unit> declared in kotlin.jvm.internal.invokeDynamic' type=kotlin.Function0<kotlin.Unit> origin=null
                p0: GET_VAR '<this>: co.arcaptcha.arcaptcha_native_sdk.captchas.ClassicCaptchaView declared in co.arcaptcha.arcaptcha_native_sdk.captchas.ClassicCaptchaView' type=co.arcaptcha.arcaptcha_native_sdk.captchas.ClassicCaptchaView origin=null
              bootstrapMethodHandle: CALL 'public final fun <jvm-method-handle> (tag: kotlin.Int, owner: kotlin.String, name: kotlin.String, descriptor: kotlin.String, isInterface: kotlin.Boolean): kotlin.Any declared in kotlin.jvm.internal' type=kotlin.Any origin=null
                tag: CONST Int type=kotlin.Int value=6
                owner: CONST String type=kotlin.String value="java/lang/invoke/LambdaMetafactory"
                name: CONST String type=kotlin.String value="metafactory"
                descriptor: CONST String type=kotlin.String value="(Ljava/lang/invoke/MethodHandles$Lookup;Ljava/lang/String;Ljava/lang/invoke/MethodType;Ljava/lang/invoke/MethodType;Ljava/lang/invoke/MethodHandle;Ljava/lang/invoke/MethodType;)Ljava/lang/invoke/CallSite;"
                isInterface: CONST Boolean type=kotlin.Boolean value=false
              bootstrapMethodArguments: VARARG type=kotlin.Array<kotlin.Any> varargElementType=kotlin.Any
                CALL 'public final fun <jvm-original-method-type> (method: kotlin.Any): kotlin.Any declared in kotlin.jvm.internal' type=kotlin.Any origin=null
                  method: RAW_FUNCTION_REFERENCE 'public abstract fun invoke (): R of kotlin.Function0 [operator] declared in kotlin.Function0' type=kotlin.Any
                RAW_FUNCTION_REFERENCE 'private final fun _init_$lambda$1 (this$0: co.arcaptcha.arcaptcha_native_sdk.captchas.ClassicCaptchaView): kotlin.Unit? declared in co.arcaptcha.arcaptcha_native_sdk.captchas.ClassicCaptchaView' type=kotlin.Any
                CALL 'public final fun <jvm-original-method-type> (method: kotlin.Any): kotlin.Any declared in kotlin.jvm.internal' type=kotlin.Any origin=null
                  method: RAW_FUNCTION_REFERENCE 'public abstract fun invoke (): kotlin.Unit? [fake_override,operator] declared in kotlin.jvm.internal.invokeDynamic.<fake>' type=kotlin.Any
          onAdd: BLOCK type=kotlin.Function0<kotlin.Unit> origin=LAMBDA
            COMPOSITE type=kotlin.Unit origin=null
            CALL 'public final fun <jvm-indy> <T> (dynamicCall: T of kotlin.jvm.internal.<jvm-indy>, bootstrapMethodHandle: kotlin.Any, vararg bootstrapMethodArguments: kotlin.Any): T of kotlin.jvm.internal.<jvm-indy> declared in kotlin.jvm.internal' type=kotlin.Function0<kotlin.Unit> origin=null
              <T>: kotlin.Function0<kotlin.Unit>
              dynamicCall: CALL 'public final fun invoke (p0: co.arcaptcha.arcaptcha_native_sdk.captchas.ClassicCaptchaView): kotlin.Function0<kotlin.Unit> declared in kotlin.jvm.internal.invokeDynamic' type=kotlin.Function0<kotlin.Unit> origin=null
                p0: GET_VAR '<this>: co.arcaptcha.arcaptcha_native_sdk.captchas.ClassicCaptchaView declared in co.arcaptcha.arcaptcha_native_sdk.captchas.ClassicCaptchaView' type=co.arcaptcha.arcaptcha_native_sdk.captchas.ClassicCaptchaView origin=null
              bootstrapMethodHandle: CALL 'public final fun <jvm-method-handle> (tag: kotlin.Int, owner: kotlin.String, name: kotlin.String, descriptor: kotlin.String, isInterface: kotlin.Boolean): kotlin.Any declared in kotlin.jvm.internal' type=kotlin.Any origin=null
                tag: CONST Int type=kotlin.Int value=6
                owner: CONST String type=kotlin.String value="java/lang/invoke/LambdaMetafactory"
                name: CONST String type=kotlin.String value="metafactory"
                descriptor: CONST String type=kotlin.String value="(Ljava/lang/invoke/MethodHandles$Lookup;Ljava/lang/String;Ljava/lang/invoke/MethodType;Ljava/lang/invoke/MethodType;Ljava/lang/invoke/MethodHandle;Ljava/lang/invoke/MethodType;)Ljava/lang/invoke/CallSite;"
                isInterface: CONST Boolean type=kotlin.Boolean value=false
              bootstrapMethodArguments: VARARG type=kotlin.Array<kotlin.Any> varargElementType=kotlin.Any
                CALL 'public final fun <jvm-original-method-type> (method: kotlin.Any): kotlin.Any declared in kotlin.jvm.internal' type=kotlin.Any origin=null
                  method: RAW_FUNCTION_REFERENCE 'public abstract fun invoke (): R of kotlin.Function0 [operator] declared in kotlin.Function0' type=kotlin.Any
                RAW_FUNCTION_REFERENCE 'private final fun _init_$lambda$2 (this$0: co.arcaptcha.arcaptcha_native_sdk.captchas.ClassicCaptchaView): kotlin.Unit? declared in co.arcaptcha.arcaptcha_native_sdk.captchas.ClassicCaptchaView' type=kotlin.Any
                CALL 'public final fun <jvm-original-method-type> (method: kotlin.Any): kotlin.Any declared in kotlin.jvm.internal' type=kotlin.Any origin=null
                  method: RAW_FUNCTION_REFERENCE 'public abstract fun invoke (): kotlin.Unit? [fake_override,operator] declared in kotlin.jvm.internal.invokeDynamic.<fake>' type=kotlin.Any

	at org.jetbrains.kotlin.backend.jvm.codegen.FunctionCodegen.generate(FunctionCodegen.kt:47)
	at org.jetbrains.kotlin.backend.jvm.codegen.FunctionCodegen.generate$default(FunctionCodegen.kt:40)
	at org.jetbrains.kotlin.backend.jvm.codegen.ClassCodegen.generateMethodNode(ClassCodegen.kt:406)
	at org.jetbrains.kotlin.backend.jvm.codegen.ClassCodegen.generateMethod(ClassCodegen.kt:423)
	at org.jetbrains.kotlin.backend.jvm.codegen.ClassCodegen.generate(ClassCodegen.kt:168)
	at org.jetbrains.kotlin.backend.jvm.FileCodegen.lower(JvmPhases.kt:39)
	at org.jetbrains.kotlin.backend.common.phaser.PhaseFactoriesKt.createFilePhase$lambda$4(PhaseFactories.kt:71)
	at org.jetbrains.kotlin.backend.common.phaser.PhaseBuildersKt$createSimpleNamedCompilerPhase$1.phaseBody(PhaseBuilders.kt:69)
	at org.jetbrains.kotlin.backend.common.phaser.SimpleNamedCompilerPhase.phaseBody(CompilerPhase.kt:226)
	at org.jetbrains.kotlin.backend.common.phaser.AbstractNamedCompilerPhase.invoke(CompilerPhase.kt:113)
	at org.jetbrains.kotlin.backend.common.phaser.PerformByIrFilePhase.invokeSequential(performByIrFile.kt:62)
	... 44 more
Caused by: java.lang.AssertionError: Unexpected IR element found during code generation. Either code generation for it is not implemented, or it should have been lowered:
ERROR_CALL 'Unresolved reference: R|co/arcaptcha/arcaptcha_native_sdk/captchas/CaptchaView.infoText|' type=IrErrorType(null)
	at org.jetbrains.kotlin.backend.jvm.codegen.ExpressionCodegen.visitElement(ExpressionCodegen.kt:991)
	at org.jetbrains.kotlin.backend.jvm.codegen.ExpressionCodegen.visitElement(ExpressionCodegen.kt:138)
	at org.jetbrains.kotlin.ir.visitors.IrElementVisitor$DefaultImpls.visitExpression(IrElementVisitor.kt:83)
	at org.jetbrains.kotlin.backend.jvm.codegen.ExpressionCodegen.visitExpression(ExpressionCodegen.kt:138)
	at org.jetbrains.kotlin.backend.jvm.codegen.ExpressionCodegen.visitExpression(ExpressionCodegen.kt:138)
	at org.jetbrains.kotlin.ir.visitors.IrElementVisitor$DefaultImpls.visitErrorExpression(IrElementVisitor.kt:194)
	at org.jetbrains.kotlin.backend.jvm.codegen.ExpressionCodegen.visitErrorExpression(ExpressionCodegen.kt:138)
	at org.jetbrains.kotlin.backend.jvm.codegen.ExpressionCodegen.visitErrorExpression(ExpressionCodegen.kt:138)
	at org.jetbrains.kotlin.ir.visitors.IrElementVisitor$DefaultImpls.visitErrorCallExpression(IrElementVisitor.kt:197)
	at org.jetbrains.kotlin.backend.jvm.codegen.ExpressionCodegen.visitErrorCallExpression(ExpressionCodegen.kt:138)
	at org.jetbrains.kotlin.backend.jvm.codegen.ExpressionCodegen.visitErrorCallExpression(ExpressionCodegen.kt:138)
	at org.jetbrains.kotlin.ir.expressions.IrErrorCallExpression.accept(IrErrorCallExpression.kt:24)
	at org.jetbrains.kotlin.backend.jvm.codegen.ExpressionCodegen.visitStatementContainer(ExpressionCodegen.kt:579)
	at org.jetbrains.kotlin.backend.jvm.codegen.ExpressionCodegen.visitContainerExpression(ExpressionCodegen.kt:593)
	at org.jetbrains.kotlin.backend.jvm.codegen.ExpressionCodegen.visitContainerExpression(ExpressionCodegen.kt:138)
	at org.jetbrains.kotlin.ir.visitors.IrElementVisitor$DefaultImpls.visitBlock(IrElementVisitor.kt:122)
	at org.jetbrains.kotlin.backend.jvm.codegen.ExpressionCodegen.visitBlock(ExpressionCodegen.kt:413)
	at org.jetbrains.kotlin.backend.jvm.codegen.ExpressionCodegen.visitBlock(ExpressionCodegen.kt:138)
	at org.jetbrains.kotlin.ir.expressions.IrBlock.accept(IrBlock.kt:18)
	at org.jetbrains.kotlin.backend.jvm.codegen.ExpressionCodegen.visitStatementContainer(ExpressionCodegen.kt:579)
	at org.jetbrains.kotlin.backend.jvm.codegen.ExpressionCodegen.visitContainerExpression(ExpressionCodegen.kt:593)
	at org.jetbrains.kotlin.backend.jvm.codegen.ExpressionCodegen.visitContainerExpression(ExpressionCodegen.kt:138)
	at org.jetbrains.kotlin.ir.visitors.IrElementVisitor$DefaultImpls.visitBlock(IrElementVisitor.kt:122)
	at org.jetbrains.kotlin.backend.jvm.codegen.ExpressionCodegen.visitBlock(ExpressionCodegen.kt:413)
	at org.jetbrains.kotlin.backend.jvm.codegen.ExpressionCodegen.visitBlock(ExpressionCodegen.kt:138)
	at org.jetbrains.kotlin.ir.expressions.IrBlock.accept(IrBlock.kt:18)
	at org.jetbrains.kotlin.backend.jvm.codegen.ExpressionCodegen.visitStatementContainer(ExpressionCodegen.kt:579)
	at org.jetbrains.kotlin.backend.jvm.codegen.ExpressionCodegen.visitBlockBody(ExpressionCodegen.kt:584)
	at org.jetbrains.kotlin.backend.jvm.codegen.ExpressionCodegen.visitBlockBody(ExpressionCodegen.kt:138)
	at org.jetbrains.kotlin.ir.expressions.IrBlockBody.accept(IrBlockBody.kt:20)
	at org.jetbrains.kotlin.backend.jvm.codegen.ExpressionCodegen.generate(ExpressionCodegen.kt:240)
	at org.jetbrains.kotlin.backend.jvm.codegen.FunctionCodegen.doGenerate(FunctionCodegen.kt:123)
	at org.jetbrains.kotlin.backend.jvm.codegen.FunctionCodegen.generate(FunctionCodegen.kt:44)
	... 54 more


